<?xml version="1.0" encoding="UTF-8"?>
<!-- Generated by org.testng.reporters.JUnitReportReporter -->
<testsuite hostname="office" name="com.soebes.subversion.sapm.AppTest" tests="8" failures="0" timestamp="17 Apr 2011 18:02:58 GMT" time="0.013" errors="0">
  <testcase name="testReadAST" time="0.002" classname="com.soebes.subversion.sapm.AppTest"/>
  <testcase name="firstConfigurationTest" time="0.000" classname="com.soebes.subversion.sapm.AppTest"/>
  <testcase name="testReadOne" time="0.001" classname="com.soebes.subversion.sapm.AppTest"/>
  <testcase name="groupsInGroupsConfigurationTest" time="0.002" classname="com.soebes.subversion.sapm.AppTest"/>
  <testcase name="negativeRulesTest" time="0.003" classname="com.soebes.subversion.sapm.AppTest"/>
  <testcase name="testReadThree" time="0.001" classname="com.soebes.subversion.sapm.AppTest"/>
  <testcase name="configurationWithAliasesTest" time="0.003" classname="com.soebes.subversion.sapm.AppTest"/>
  <testcase name="testReadTwo" time="0.001" classname="com.soebes.subversion.sapm.AppTest"/>
</testsuite>
