<?xml version="1.0" encoding="UTF-8"?>
<!-- Generated by org.testng.reporters.JUnitReportReporter -->
<testsuite hostname="office" name="com.soebes.subversion.sapm.GroupTest" tests="3" failures="0" timestamp="17 Apr 2011 18:02:58 GMT" time="0.000" errors="0">
  <testcase name="groupContainsTest" time="0.000" classname="com.soebes.subversion.sapm.GroupTest"/>
  <testcase name="groupAddTest" time="0.000" classname="com.soebes.subversion.sapm.GroupTest"/>
  <testcase name="groupContainsGroupTest" time="0.000" classname="com.soebes.subversion.sapm.GroupTest"/>
</testsuite>
