<?xml version="1.0" encoding="UTF-8"?>
<!-- Generated by org.testng.reporters.JUnitReportReporter -->
<testsuite hostname="office" name="com.soebes.subversion.sapm.FileNameTest" tests="11" failures="0" timestamp="17 Apr 2011 18:02:58 GMT" time="0.004" errors="0">
  <testcase name="testF61" time="0.000" classname="com.soebes.subversion.sapm.FileNameTest"/>
  <testcase name="check" time="0.000" classname="com.soebes.subversion.sapm.FileNameTest"/>
  <testcase name="check" time="0.000" classname="com.soebes.subversion.sapm.FileNameTest"/>
  <testcase name="testF90" time="0.000" classname="com.soebes.subversion.sapm.FileNameTest"/>
  <testcase name="check" time="0.000" classname="com.soebes.subversion.sapm.FileNameTest"/>
  <testcase name="check" time="0.001" classname="com.soebes.subversion.sapm.FileNameTest"/>
  <testcase name="check" time="0.000" classname="com.soebes.subversion.sapm.FileNameTest"/>
  <testcase name="check" time="0.000" classname="com.soebes.subversion.sapm.FileNameTest"/>
  <testcase name="testF100" time="0.000" classname="com.soebes.subversion.sapm.FileNameTest"/>
  <testcase name="testF80" time="0.000" classname="com.soebes.subversion.sapm.FileNameTest"/>
  <testcase name="check" time="0.003" classname="com.soebes.subversion.sapm.FileNameTest"/>
</testsuite>
