<?xml version="1.0" encoding="UTF-8" ?>
<testsuite failures="0" time="3.519" errors="0" skipped="0" tests="489" name="TestSuite">
  <properties>
    <property name="java.runtime.name" value="Java(TM) SE Runtime Environment"/>
    <property name="sun.boot.library.path" value="/usr/lib/jvm/java-6-sun-1.6.0.24/jre/lib/i386"/>
    <property name="java.vm.version" value="19.1-b02"/>
    <property name="java.vm.vendor" value="Sun Microsystems Inc."/>
    <property name="java.vendor.url" value="http://java.sun.com/"/>
    <property name="path.separator" value=":"/>
    <property name="java.vm.name" value="Java HotSpot(TM) Server VM"/>
    <property name="file.encoding.pkg" value="sun.io"/>
    <property name="user.country" value="US"/>
    <property name="sun.java.launcher" value="SUN_STANDARD"/>
    <property name="sun.os.patch.level" value="unknown"/>
    <property name="java.vm.specification.name" value="Java Virtual Machine Specification"/>
    <property name="user.dir" value="/home/kama/ws-git/sapm/target/checkout"/>
    <property name="java.runtime.version" value="1.6.0_24-b07"/>
    <property name="java.awt.graphicsenv" value="sun.awt.X11GraphicsEnvironment"/>
    <property name="basedir" value="/home/kama/ws-git/sapm/target/checkout"/>
    <property name="java.endorsed.dirs" value="/usr/lib/jvm/java-6-sun-1.6.0.24/jre/lib/endorsed"/>
    <property name="os.arch" value="i386"/>
    <property name="surefire.real.class.path" value="/home/kama/ws-git/sapm/target/checkout/target/surefire/surefirebooter8518469400275902159.jar"/>
    <property name="java.io.tmpdir" value="/tmp"/>
    <property name="line.separator" value="
"/>
    <property name="java.vm.specification.vendor" value="Sun Microsystems Inc."/>
    <property name="os.name" value="Linux"/>
    <property name="gpg.passphrase" value="elv4ra8"/>
    <property name="sun.jnu.encoding" value="UTF-8"/>
    <property name="java.library.path" value="/usr/lib/jvm/java-6-sun-1.6.0.24/jre/lib/i386/server:/usr/lib/jvm/java-6-sun-1.6.0.24/jre/lib/i386:/usr/lib/jvm/java-6-sun-1.6.0.24/jre/../lib/i386:/usr/java/packages/lib/i386:/lib:/usr/lib"/>
    <property name="surefire.test.class.path" value="/home/kama/ws-git/sapm/target/checkout/target/test-classes:/home/kama/ws-git/sapm/target/checkout/target/generated-classes/cobertura:/home/kama/.m2/repository/org/testng/testng/6.0.1/testng-6.0.1.jar:/home/kama/.m2/repository/junit/junit/3.8.1/junit-3.8.1.jar:/home/kama/.m2/repository/org/beanshell/bsh/2.0b4/bsh-2.0b4.jar:/home/kama/.m2/repository/com/beust/jcommander/1.12/jcommander-1.12.jar:/home/kama/.m2/repository/org/yaml/snakeyaml/1.6/snakeyaml-1.6.jar:/home/kama/.m2/repository/org/antlr/antlr-runtime/3.3/antlr-runtime-3.3.jar:/home/kama/.m2/repository/org/antlr/stringtemplate/3.2.1/stringtemplate-3.2.1.jar:/home/kama/.m2/repository/antlr/antlr/2.7.7/antlr-2.7.7.jar:/home/kama/.m2/repository/net/sourceforge/cobertura/cobertura/1.9.4.1/cobertura-1.9.4.1.jar:/home/kama/.m2/repository/org/apache/ant/ant/1.7.0/ant-1.7.0.jar:/home/kama/.m2/repository/org/apache/ant/ant-launcher/1.7.0/ant-launcher-1.7.0.jar:/home/kama/.m2/repository/org/apache/maven/surefire/surefire-testng-utils/2.8.1/surefire-testng-utils-2.8.1.jar:"/>
    <property name="java.specification.name" value="Java Platform API Specification"/>
    <property name="java.class.version" value="50.0"/>
    <property name="sun.management.compiler" value="HotSpot Tiered Compilers"/>
    <property name="maven.repo.local" value="/home/kama/.m2/repository"/>
    <property name="os.version" value="2.6.32-30-generic"/>
    <property name="user.home" value="/home/kama"/>
    <property name="user.timezone" value="Europe/Berlin"/>
    <property name="java.awt.printerjob" value="sun.print.PSPrinterJob"/>
    <property name="java.specification.version" value="1.6"/>
    <property name="file.encoding" value="UTF-8"/>
    <property name="user.name" value="kama"/>
    <property name="java.class.path" value="/home/kama/ws-git/sapm/target/checkout/target/test-classes:/home/kama/ws-git/sapm/target/checkout/target/generated-classes/cobertura:/home/kama/.m2/repository/org/testng/testng/6.0.1/testng-6.0.1.jar:/home/kama/.m2/repository/junit/junit/3.8.1/junit-3.8.1.jar:/home/kama/.m2/repository/org/beanshell/bsh/2.0b4/bsh-2.0b4.jar:/home/kama/.m2/repository/com/beust/jcommander/1.12/jcommander-1.12.jar:/home/kama/.m2/repository/org/yaml/snakeyaml/1.6/snakeyaml-1.6.jar:/home/kama/.m2/repository/org/antlr/antlr-runtime/3.3/antlr-runtime-3.3.jar:/home/kama/.m2/repository/org/antlr/stringtemplate/3.2.1/stringtemplate-3.2.1.jar:/home/kama/.m2/repository/antlr/antlr/2.7.7/antlr-2.7.7.jar:/home/kama/.m2/repository/net/sourceforge/cobertura/cobertura/1.9.4.1/cobertura-1.9.4.1.jar:/home/kama/.m2/repository/org/apache/ant/ant/1.7.0/ant-1.7.0.jar:/home/kama/.m2/repository/org/apache/ant/ant-launcher/1.7.0/ant-launcher-1.7.0.jar:/home/kama/.m2/repository/org/apache/maven/surefire/surefire-testng-utils/2.8.1/surefire-testng-utils-2.8.1.jar:"/>
    <property name="java.vm.specification.version" value="1.0"/>
    <property name="sun.arch.data.model" value="32"/>
    <property name="java.home" value="/usr/lib/jvm/java-6-sun-1.6.0.24/jre"/>
    <property name="java.specification.vendor" value="Sun Microsystems Inc."/>
    <property name="user.language" value="en"/>
    <property name="java.vm.info" value="mixed mode"/>
    <property name="java.version" value="1.6.0_24"/>
    <property name="java.ext.dirs" value="/usr/lib/jvm/java-6-sun-1.6.0.24/jre/lib/ext:/usr/java/packages/lib/ext"/>
    <property name="sun.boot.class.path" value="/usr/lib/jvm/java-6-sun-1.6.0.24/jre/lib/resources.jar:/usr/lib/jvm/java-6-sun-1.6.0.24/jre/lib/rt.jar:/usr/lib/jvm/java-6-sun-1.6.0.24/jre/lib/sunrsasign.jar:/usr/lib/jvm/java-6-sun-1.6.0.24/jre/lib/jsse.jar:/usr/lib/jvm/java-6-sun-1.6.0.24/jre/lib/jce.jar:/usr/lib/jvm/java-6-sun-1.6.0.24/jre/lib/charsets.jar:/usr/lib/jvm/java-6-sun-1.6.0.24/jre/lib/modules/jdk.boot.jar:/usr/lib/jvm/java-6-sun-1.6.0.24/jre/classes"/>
    <property name="java.vendor" value="Sun Microsystems Inc."/>
    <property name="localRepository" value="/home/kama/.m2/repository"/>
    <property name="file.separator" value="/"/>
    <property name="java.vendor.url.bug" value="http://java.sun.com/cgi-bin/bugreport.cgi"/>
    <property name="sun.cpu.endian" value="little"/>
    <property name="sun.io.unicode.encoding" value="UnicodeLittle"/>
    <property name="sun.desktop" value="gnome"/>
    <property name="sun.cpu.isalist" value=""/>
    <property name="performRelease" value="true"/>
  </properties>
  <testcase time="0.004" classname="com.soebes.subversion.sapm.AccessRuleGroupTest" name="accessRuleCheck"/>
  <testcase time="0.001" classname="com.soebes.subversion.sapm.AccessRuleGroupTest" name="accessRuleCheck"/>
  <testcase time="0.011" classname="com.soebes.subversion.sapm.AccessRuleGroupTest" name="accessRuleCheck"/>
  <testcase time="0.001" classname="com.soebes.subversion.sapm.AccessRuleGroupTest" name="accessRuleCheck"/>
  <testcase time="0.001" classname="com.soebes.subversion.sapm.AccessRuleGroupTest" name="accessRuleCheck"/>
  <testcase time="0" classname="com.soebes.subversion.sapm.AccessRuleGroupTest" name="accessRuleCheck"/>
  <testcase time="0" classname="com.soebes.subversion.sapm.AccessRuleGroupTest" name="accessRuleCheck"/>
  <testcase time="0" classname="com.soebes.subversion.sapm.AccessRuleGroupTest" name="accessRuleCheck"/>
  <testcase time="0" classname="com.soebes.subversion.sapm.AccessRuleGroupTest" name="accessRuleCheck"/>
  <testcase time="0" classname="com.soebes.subversion.sapm.AccessRuleGroupTest" name="accessRuleCheck"/>
  <testcase time="0" classname="com.soebes.subversion.sapm.AccessRuleGroupTest" name="accessRuleCheck"/>
  <testcase time="0.001" classname="com.soebes.subversion.sapm.AccessRuleGroupTest" name="accessRuleCheck"/>
  <testcase time="0.001" classname="com.soebes.subversion.sapm.AccessRuleGroupTest" name="accessRuleCheck"/>
  <testcase time="0.001" classname="com.soebes.subversion.sapm.AccessRuleGroupTest" name="accessRuleCheck"/>
  <testcase time="0" classname="com.soebes.subversion.sapm.AccessRuleGroupTest" name="accessRuleCheck"/>
  <testcase time="0.001" classname="com.soebes.subversion.sapm.AccessRuleGroupTest" name="accessRuleCheck"/>
  <testcase time="0" classname="com.soebes.subversion.sapm.AccessRuleGroupTest" name="accessRuleCheck"/>
  <testcase time="0" classname="com.soebes.subversion.sapm.AccessRuleGroupTest" name="accessRuleCheck"/>
  <testcase time="0" classname="com.soebes.subversion.sapm.AccessRuleGroupTest" name="accessRuleCheck"/>
  <testcase time="0.003" classname="com.soebes.subversion.sapm.AccessRuleGroupTest" name="accessTest"/>
  <testcase time="0" classname="com.soebes.subversion.sapm.AccessRuleUserAnyRepositoryTest" name="accessRuleCheck"/>
  <testcase time="0.001" classname="com.soebes.subversion.sapm.AccessRuleUserAnyRepositoryTest" name="accessRuleCheck"/>
  <testcase time="0.001" classname="com.soebes.subversion.sapm.AccessRuleUserAnyRepositoryTest" name="accessRuleCheck"/>
  <testcase time="0.002" classname="com.soebes.subversion.sapm.AccessRuleUserAnyRepositoryTest" name="accessRuleCheck"/>
  <testcase time="0" classname="com.soebes.subversion.sapm.AccessRuleUserAnyRepositoryTest" name="accessRuleCheck"/>
  <testcase time="0" classname="com.soebes.subversion.sapm.AccessRuleUserAnyRepositoryTest" name="accessRuleCheck"/>
  <testcase time="0.001" classname="com.soebes.subversion.sapm.AccessRuleUserAnyRepositoryTest" name="accessRuleCheck"/>
  <testcase time="0" classname="com.soebes.subversion.sapm.AccessRuleUserAnyRepositoryTest" name="accessRuleCheck"/>
  <testcase time="0" classname="com.soebes.subversion.sapm.AccessRuleUserAnyRepositoryTest" name="accessRuleCheck"/>
  <testcase time="0" classname="com.soebes.subversion.sapm.AccessRuleUserAnyRepositoryTest" name="accessRuleCheck"/>
  <testcase time="0" classname="com.soebes.subversion.sapm.AccessRuleUserAnyRepositoryTest" name="accessRuleCheck"/>
  <testcase time="0" classname="com.soebes.subversion.sapm.AccessRuleUserAnyRepositoryTest" name="accessTest"/>
  <testcase time="0.001" classname="com.soebes.subversion.sapm.AccessRuleUserAsterikTest" name="accessRuleCheck"/>
  <testcase time="0" classname="com.soebes.subversion.sapm.AccessRuleUserAsterikTest" name="accessRuleCheck"/>
  <testcase time="0.001" classname="com.soebes.subversion.sapm.AccessRuleUserAsterikTest" name="accessRuleCheck"/>
  <testcase time="0" classname="com.soebes.subversion.sapm.AccessRuleUserAsterikTest" name="accessRuleCheck"/>
  <testcase time="0" classname="com.soebes.subversion.sapm.AccessRuleUserAsterikTest" name="accessRuleCheck"/>
  <testcase time="0" classname="com.soebes.subversion.sapm.AccessRuleUserAsterikTest" name="accessRuleCheck"/>
  <testcase time="0" classname="com.soebes.subversion.sapm.AccessRuleUserAsterikTest" name="accessRuleCheck"/>
  <testcase time="0.001" classname="com.soebes.subversion.sapm.AccessRuleUserAsterikTest" name="accessRuleCheck"/>
  <testcase time="0" classname="com.soebes.subversion.sapm.AccessRuleUserAsterikTest" name="accessRuleCheck"/>
  <testcase time="0" classname="com.soebes.subversion.sapm.AccessRuleUserAsterikTest" name="accessRuleCheck"/>
  <testcase time="0" classname="com.soebes.subversion.sapm.AccessRuleUserAsterikTest" name="accessRuleCheck"/>
  <testcase time="0" classname="com.soebes.subversion.sapm.AccessRuleUserAsterikTest" name="accessTest"/>
  <testcase time="0" classname="com.soebes.subversion.sapm.AccessRuleUserTest" name="accessRuleCheck"/>
  <testcase time="0.001" classname="com.soebes.subversion.sapm.AccessRuleUserTest" name="accessRuleCheck"/>
  <testcase time="0" classname="com.soebes.subversion.sapm.AccessRuleUserTest" name="accessRuleCheck"/>
  <testcase time="0" classname="com.soebes.subversion.sapm.AccessRuleUserTest" name="accessRuleCheck"/>
  <testcase time="0.001" classname="com.soebes.subversion.sapm.AccessRuleUserTest" name="accessRuleCheck"/>
  <testcase time="0" classname="com.soebes.subversion.sapm.AccessRuleUserTest" name="accessRuleCheck"/>
  <testcase time="0" classname="com.soebes.subversion.sapm.AccessRuleUserTest" name="accessRuleCheck"/>
  <testcase time="0" classname="com.soebes.subversion.sapm.AccessRuleUserTest" name="accessRuleCheck"/>
  <testcase time="0" classname="com.soebes.subversion.sapm.AccessRuleUserTest" name="accessRuleCheck"/>
  <testcase time="0.001" classname="com.soebes.subversion.sapm.AccessRuleUserTest" name="accessRuleCheck"/>
  <testcase time="0" classname="com.soebes.subversion.sapm.AccessRuleUserTest" name="accessRuleCheck"/>
  <testcase time="0" classname="com.soebes.subversion.sapm.AccessRuleUserTest" name="accessTest"/>
  <testcase time="0" classname="com.soebes.subversion.sapm.AccessRulesConfigAuthenticatedAnonmyousTest" name="accessRuleCheck"/>
  <testcase time="0.001" classname="com.soebes.subversion.sapm.AccessRulesConfigAuthenticatedAnonmyousTest" name="accessRuleCheck"/>
  <testcase time="0" classname="com.soebes.subversion.sapm.AccessRulesConfigAuthenticatedAnonmyousTest" name="accessRuleCheck"/>
  <testcase time="0" classname="com.soebes.subversion.sapm.AccessRulesConfigAuthenticatedAnonmyousTest" name="accessRuleCheck"/>
  <testcase time="0" classname="com.soebes.subversion.sapm.AccessRulesConfigAuthenticatedAnonmyousTest" name="accessRuleCheck"/>
  <testcase time="0" classname="com.soebes.subversion.sapm.AccessRulesConfigAuthenticatedAnonmyousTest" name="accessRuleCheck"/>
  <testcase time="0" classname="com.soebes.subversion.sapm.AccessRulesConfigAuthenticatedAnonmyousTest" name="accessRuleCheck"/>
  <testcase time="0" classname="com.soebes.subversion.sapm.AccessRulesConfigAuthenticatedAnonmyousTest" name="accessRuleCheck"/>
  <testcase time="0" classname="com.soebes.subversion.sapm.AccessRulesConfigAuthenticatedAnonmyousTest" name="accessRuleCheck"/>
  <testcase time="0" classname="com.soebes.subversion.sapm.AccessRulesConfigAuthenticatedAnonmyousTest" name="accessRuleCheck"/>
  <testcase time="0" classname="com.soebes.subversion.sapm.AccessRulesConfigAuthenticatedAnonmyousTest" name="accessRuleCheck"/>
  <testcase time="0" classname="com.soebes.subversion.sapm.AccessRulesConfigAuthenticatedAnonmyousTest" name="accessRuleCheck"/>
  <testcase time="0" classname="com.soebes.subversion.sapm.AccessRulesConfigAuthenticatedAnonmyousTest" name="accessRuleCheck"/>
  <testcase time="0" classname="com.soebes.subversion.sapm.AccessRulesConfigAuthenticatedAnonmyousTest" name="accessRuleCheck"/>
  <testcase time="0" classname="com.soebes.subversion.sapm.AccessRulesConfigAuthenticatedAnonmyousTest" name="accessRuleCheck"/>
  <testcase time="0.001" classname="com.soebes.subversion.sapm.AccessRulesConfigAuthenticatedAnonmyousTest" name="accessRuleCheck"/>
  <testcase time="0" classname="com.soebes.subversion.sapm.AccessRulesConfigAuthenticatedAnonmyousTest" name="accessRuleCheck"/>
  <testcase time="0" classname="com.soebes.subversion.sapm.AccessRulesConfigAuthenticatedAnonmyousTest" name="accessRuleCheck"/>
  <testcase time="0" classname="com.soebes.subversion.sapm.AccessRulesConfigAuthenticatedAnonmyousTest" name="accessRuleCheck"/>
  <testcase time="0" classname="com.soebes.subversion.sapm.AccessRulesConfigAuthenticatedAnonmyousTest" name="accessRuleCheck"/>
  <testcase time="0" classname="com.soebes.subversion.sapm.AccessRulesConfigAuthenticatedAnonmyousTest" name="accessRuleCheck"/>
  <testcase time="0" classname="com.soebes.subversion.sapm.AccessRulesConfigAuthenticatedAnonmyousTest" name="accessRuleCheck"/>
  <testcase time="0" classname="com.soebes.subversion.sapm.AccessRulesConfigAuthenticatedAnonmyousTest" name="accessRuleCheck"/>
  <testcase time="0" classname="com.soebes.subversion.sapm.AccessRulesConfigAuthenticatedAnonmyousTest" name="accessRuleCheck"/>
  <testcase time="0.001" classname="com.soebes.subversion.sapm.AccessRulesConfigAuthenticatedAnonmyousTest" name="accessRuleCheck"/>
  <testcase time="0" classname="com.soebes.subversion.sapm.AccessRulesConfigAuthenticatedAnonmyousTest" name="accessRuleCheck"/>
  <testcase time="0.001" classname="com.soebes.subversion.sapm.AccessRulesConfigReducePermissionDifferentOrderTest" name="accessRuleCheck"/>
  <testcase time="0" classname="com.soebes.subversion.sapm.AccessRulesConfigReducePermissionDifferentOrderTest" name="accessRuleCheck"/>
  <testcase time="0" classname="com.soebes.subversion.sapm.AccessRulesConfigReducePermissionDifferentOrderTest" name="accessRuleCheck"/>
  <testcase time="0" classname="com.soebes.subversion.sapm.AccessRulesConfigReducePermissionDifferentOrderTest" name="accessRuleCheck"/>
  <testcase time="0" classname="com.soebes.subversion.sapm.AccessRulesConfigReducePermissionDifferentOrderTest" name="accessRuleCheck"/>
  <testcase time="0.001" classname="com.soebes.subversion.sapm.AccessRulesConfigReducePermissionDifferentOrderTest" name="accessRuleCheck"/>
  <testcase time="0" classname="com.soebes.subversion.sapm.AccessRulesConfigReducePermissionDifferentOrderTest" name="accessRuleCheck"/>
  <testcase time="0" classname="com.soebes.subversion.sapm.AccessRulesConfigReducePermissionDifferentOrderTest" name="accessRuleCheck"/>
  <testcase time="0" classname="com.soebes.subversion.sapm.AccessRulesConfigReducePermissionDifferentOrderTest" name="accessRuleCheck"/>
  <testcase time="0" classname="com.soebes.subversion.sapm.AccessRulesConfigReducePermissionDifferentOrderTest" name="accessRuleCheck"/>
  <testcase time="0" classname="com.soebes.subversion.sapm.AccessRulesConfigReducePermissionDifferentOrderTest" name="accessRuleCheck"/>
  <testcase time="0" classname="com.soebes.subversion.sapm.AccessRulesConfigReducePermissionDifferentOrderTest" name="accessRuleCheck"/>
  <testcase time="0" classname="com.soebes.subversion.sapm.AccessRulesConfigReducePermissionDifferentOrderTest" name="accessRuleCheck"/>
  <testcase time="0" classname="com.soebes.subversion.sapm.AccessRulesConfigReducePermissionDifferentOrderTest" name="accessRuleCheck"/>
  <testcase time="0" classname="com.soebes.subversion.sapm.AccessRulesConfigReducePermissionDifferentOrderTest" name="accessRuleCheck"/>
  <testcase time="0.001" classname="com.soebes.subversion.sapm.AccessRulesConfigReducePermissionDifferentOrderTest" name="accessRuleCheck"/>
  <testcase time="0" classname="com.soebes.subversion.sapm.AccessRulesConfigReducePermissionDifferentOrderTest" name="accessRuleCheck"/>
  <testcase time="0" classname="com.soebes.subversion.sapm.AccessRulesConfigReducePermissionTest" name="accessRuleCheck"/>
  <testcase time="0" classname="com.soebes.subversion.sapm.AccessRulesConfigReducePermissionTest" name="accessRuleCheck"/>
  <testcase time="0.001" classname="com.soebes.subversion.sapm.AccessRulesConfigReducePermissionTest" name="accessRuleCheck"/>
  <testcase time="0" classname="com.soebes.subversion.sapm.AccessRulesConfigReducePermissionTest" name="accessRuleCheck"/>
  <testcase time="0.001" classname="com.soebes.subversion.sapm.AccessRulesConfigReducePermissionTest" name="accessRuleCheck"/>
  <testcase time="0" classname="com.soebes.subversion.sapm.AccessRulesConfigReducePermissionTest" name="accessRuleCheck"/>
  <testcase time="0" classname="com.soebes.subversion.sapm.AccessRulesConfigReducePermissionTest" name="accessRuleCheck"/>
  <testcase time="0" classname="com.soebes.subversion.sapm.AccessRulesConfigReducePermissionTest" name="accessRuleCheck"/>
  <testcase time="0" classname="com.soebes.subversion.sapm.AccessRulesConfigReducePermissionTest" name="accessRuleCheck"/>
  <testcase time="0" classname="com.soebes.subversion.sapm.AccessRulesConfigReducePermissionTest" name="accessRuleCheck"/>
  <testcase time="0" classname="com.soebes.subversion.sapm.AccessRulesConfigReducePermissionTest" name="accessRuleCheck"/>
  <testcase time="0.001" classname="com.soebes.subversion.sapm.AccessRulesConfigReducePermissionTest" name="accessRuleCheck"/>
  <testcase time="0" classname="com.soebes.subversion.sapm.AccessRulesConfigReducePermissionTest" name="accessRuleCheck"/>
  <testcase time="0" classname="com.soebes.subversion.sapm.AccessRulesConfigReducePermissionTest" name="accessRuleCheck"/>
  <testcase time="0" classname="com.soebes.subversion.sapm.AccessRulesConfigReducePermissionTest" name="accessRuleCheck"/>
  <testcase time="0.001" classname="com.soebes.subversion.sapm.AccessRulesConfigReducePermissionTest" name="accessRuleCheck"/>
  <testcase time="0" classname="com.soebes.subversion.sapm.AccessRulesConfigReducePermissionTest" name="accessRuleCheck"/>
  <testcase time="0" classname="com.soebes.subversion.sapm.AccessRulesDerivingPermissionsTest" name="accessRuleCheck"/>
  <testcase time="0" classname="com.soebes.subversion.sapm.AccessRulesDerivingPermissionsTest" name="accessRuleCheck"/>
  <testcase time="0" classname="com.soebes.subversion.sapm.AccessRulesDerivingPermissionsTest" name="accessRuleCheck"/>
  <testcase time="0" classname="com.soebes.subversion.sapm.AccessRulesDerivingPermissionsTest" name="accessRuleCheck"/>
  <testcase time="0" classname="com.soebes.subversion.sapm.AccessRulesDerivingPermissionsTest" name="accessRuleCheck"/>
  <testcase time="0" classname="com.soebes.subversion.sapm.AccessRulesDerivingPermissionsTest" name="accessRuleCheck"/>
  <testcase time="0" classname="com.soebes.subversion.sapm.AccessRulesDerivingPermissionsTest" name="accessRuleCheck"/>
  <testcase time="0" classname="com.soebes.subversion.sapm.AccessRulesDerivingPermissionsTest" name="accessRuleCheck"/>
  <testcase time="0" classname="com.soebes.subversion.sapm.AccessRulesDerivingPermissionsTest" name="accessRuleCheck"/>
  <testcase time="0.001" classname="com.soebes.subversion.sapm.AccessRulesDerivingPermissionsTest" name="accessRuleCheck"/>
  <testcase time="0" classname="com.soebes.subversion.sapm.AccessRulesDerivingPermissionsTest" name="accessRuleCheck"/>
  <testcase time="0" classname="com.soebes.subversion.sapm.AccessRulesDerivingPermissionsTest" name="accessRuleCheck"/>
  <testcase time="0" classname="com.soebes.subversion.sapm.AccessRulesDerivingPermissionsTest" name="accessRuleCheck"/>
  <testcase time="0" classname="com.soebes.subversion.sapm.AccessRulesDerivingPermissionsTest" name="accessRuleCheck"/>
  <testcase time="0" classname="com.soebes.subversion.sapm.AccessRulesDerivingPermissionsTest" name="accessRuleCheck"/>
  <testcase time="0.001" classname="com.soebes.subversion.sapm.AccessRulesDerivingPermissionsTest" name="accessRuleCheck"/>
  <testcase time="0.001" classname="com.soebes.subversion.sapm.AccessRulesDerivingPermissionsTest" name="accessRuleCheck"/>
  <testcase time="0" classname="com.soebes.subversion.sapm.AccessRulesDerivingPermissionsTest" name="accessRuleCheck"/>
  <testcase time="0" classname="com.soebes.subversion.sapm.AccessRulesDerivingPermissionsTest" name="accessRuleCheck"/>
  <testcase time="0" classname="com.soebes.subversion.sapm.AccessRulesDerivingPermissionsTest" name="accessRuleCheck"/>
  <testcase time="0" classname="com.soebes.subversion.sapm.AccessRulesDerivingPermissionsTest" name="accessRuleCheck"/>
  <testcase time="0.001" classname="com.soebes.subversion.sapm.AccessRulesDerivingPermissionsTest" name="accessRuleCheck"/>
  <testcase time="0" classname="com.soebes.subversion.sapm.AccessRulesDerivingPermissionsTest" name="accessRuleCheck"/>
  <testcase time="0" classname="com.soebes.subversion.sapm.AccessRulesDerivingPermissionsTest" name="accessTest"/>
  <testcase time="0" classname="com.soebes.subversion.sapm.AccessRulesGroupContainsTest" name="accessRuleCheck"/>
  <testcase time="0" classname="com.soebes.subversion.sapm.AccessRulesGroupContainsTest" name="accessRuleCheck"/>
  <testcase time="0" classname="com.soebes.subversion.sapm.AccessRulesGroupContainsTest" name="accessRuleCheck"/>
  <testcase time="0.001" classname="com.soebes.subversion.sapm.AccessRulesGroupContainsTest" name="accessRuleCheck"/>
  <testcase time="0" classname="com.soebes.subversion.sapm.AccessRulesGroupContainsTest" name="accessRuleCheck"/>
  <testcase time="0" classname="com.soebes.subversion.sapm.AccessRulesGroupContainsTest" name="accessRuleCheck"/>
  <testcase time="0" classname="com.soebes.subversion.sapm.AccessRulesGroupContainsTest" name="accessRuleCheck"/>
  <testcase time="0" classname="com.soebes.subversion.sapm.AccessRulesGroupContainsTest" name="accessRuleCheck"/>
  <testcase time="0" classname="com.soebes.subversion.sapm.AccessRulesGroupContainsTest" name="accessRuleCheck"/>
  <testcase time="0" classname="com.soebes.subversion.sapm.AccessRulesGroupContainsTest" name="accessRuleCheck"/>
  <testcase time="0" classname="com.soebes.subversion.sapm.AccessRulesGroupContainsTest" name="accessRuleCheck"/>
  <testcase time="0" classname="com.soebes.subversion.sapm.AccessRulesGroupContainsTest" name="accessRuleCheck"/>
  <testcase time="0" classname="com.soebes.subversion.sapm.AccessRulesGroupContainsTest" name="accessRuleCheck"/>
  <testcase time="0" classname="com.soebes.subversion.sapm.AccessRulesGroupContainsTest" name="accessRuleCheck"/>
  <testcase time="0" classname="com.soebes.subversion.sapm.AccessRulesGroupContainsTest" name="accessRuleCheck"/>
  <testcase time="0" classname="com.soebes.subversion.sapm.AccessRulesGroupContainsTest" name="accessRuleCheck"/>
  <testcase time="0" classname="com.soebes.subversion.sapm.AccessRulesGroupContainsTest" name="accessRuleCheck"/>
  <testcase time="0" classname="com.soebes.subversion.sapm.AccessRulesGroupContainsTest" name="accessRuleCheck"/>
  <testcase time="0.001" classname="com.soebes.subversion.sapm.AccessRulesGroupContainsTest" name="accessRuleCheck"/>
  <testcase time="0" classname="com.soebes.subversion.sapm.AccessRulesGroupContainsTest" name="accessRuleCheck"/>
  <testcase time="0" classname="com.soebes.subversion.sapm.AccessRulesGroupContainsTest" name="accessRuleCheck"/>
  <testcase time="0" classname="com.soebes.subversion.sapm.AccessRulesGroupContainsTest" name="accessRuleCheck"/>
  <testcase time="0" classname="com.soebes.subversion.sapm.AccessRulesGroupContainsTest" name="accessRuleCheck"/>
  <testcase time="0" classname="com.soebes.subversion.sapm.AccessRulesGroupContainsTest" name="accessRuleCheck"/>
  <testcase time="0" classname="com.soebes.subversion.sapm.AccessRulesGroupContainsTest" name="accessRuleCheck"/>
  <testcase time="0" classname="com.soebes.subversion.sapm.AccessRulesGroupContainsTest" name="accessRuleCheck"/>
  <testcase time="0" classname="com.soebes.subversion.sapm.AccessRulesGroupContainsTest" name="accessRuleCheck"/>
  <testcase time="0" classname="com.soebes.subversion.sapm.AccessRulesGroupContainsTest" name="accessRuleCheck"/>
  <testcase time="0" classname="com.soebes.subversion.sapm.AccessRulesGroupContainsTest" name="accessRuleCheck"/>
  <testcase time="0" classname="com.soebes.subversion.sapm.AccessRulesGroupContainsTest" name="accessRuleCheck"/>
  <testcase time="0" classname="com.soebes.subversion.sapm.AccessRulesGroupContainsTest" name="accessRuleCheck"/>
  <testcase time="0.001" classname="com.soebes.subversion.sapm.AccessRulesGroupContainsTest" name="accessRuleCheck"/>
  <testcase time="0" classname="com.soebes.subversion.sapm.AccessRulesGroupContainsTest" name="accessRuleCheck"/>
  <testcase time="0.001" classname="com.soebes.subversion.sapm.AccessRulesGroupGroupFromConfigFileTest" name="accessRuleCheck"/>
  <testcase time="0" classname="com.soebes.subversion.sapm.AccessRulesGroupGroupFromConfigFileTest" name="accessRuleCheck"/>
  <testcase time="0" classname="com.soebes.subversion.sapm.AccessRulesGroupGroupFromConfigFileTest" name="accessRuleCheck"/>
  <testcase time="0" classname="com.soebes.subversion.sapm.AccessRulesGroupGroupFromConfigFileTest" name="accessRuleCheck"/>
  <testcase time="0" classname="com.soebes.subversion.sapm.AccessRulesGroupGroupFromConfigFileTest" name="accessRuleCheck"/>
  <testcase time="0" classname="com.soebes.subversion.sapm.AccessRulesGroupGroupFromConfigFileTest" name="accessRuleCheck"/>
  <testcase time="0" classname="com.soebes.subversion.sapm.AccessRulesGroupGroupFromConfigFileTest" name="accessRuleCheck"/>
  <testcase time="0.001" classname="com.soebes.subversion.sapm.AccessRulesGroupGroupFromConfigFileTest" name="accessRuleCheck"/>
  <testcase time="0" classname="com.soebes.subversion.sapm.AccessRulesGroupGroupFromConfigFileTest" name="accessRuleCheck"/>
  <testcase time="0" classname="com.soebes.subversion.sapm.AccessRulesGroupGroupFromConfigFileTest" name="accessRuleCheck"/>
  <testcase time="0" classname="com.soebes.subversion.sapm.AccessRulesGroupGroupFromConfigFileTest" name="accessRuleCheck"/>
  <testcase time="0.001" classname="com.soebes.subversion.sapm.AccessRulesGroupGroupFromConfigFileTest" name="accessRuleCheck"/>
  <testcase time="0" classname="com.soebes.subversion.sapm.AccessRulesGroupGroupFromConfigFileTest" name="accessRuleCheck"/>
  <testcase time="0.001" classname="com.soebes.subversion.sapm.AccessRulesGroupGroupFromConfigFileTest" name="accessRuleCheck"/>
  <testcase time="0" classname="com.soebes.subversion.sapm.AccessRulesGroupGroupFromConfigFileTest" name="accessRuleCheck"/>
  <testcase time="0" classname="com.soebes.subversion.sapm.AccessRulesGroupGroupFromConfigFileTest" name="accessRuleCheck"/>
  <testcase time="0" classname="com.soebes.subversion.sapm.AccessRulesGroupGroupFromConfigFileTest" name="accessRuleCheck"/>
  <testcase time="0" classname="com.soebes.subversion.sapm.AccessRulesGroupGroupFromConfigFileTest" name="accessRuleCheck"/>
  <testcase time="0" classname="com.soebes.subversion.sapm.AccessRulesGroupGroupFromConfigFileTest" name="accessRuleCheck"/>
  <testcase time="0" classname="com.soebes.subversion.sapm.AccessRulesGroupGroupFromConfigFileTest" name="accessRuleCheck"/>
  <testcase time="0" classname="com.soebes.subversion.sapm.AccessRulesGroupGroupFromConfigFileTest" name="accessRuleCheck"/>
  <testcase time="0" classname="com.soebes.subversion.sapm.AccessRulesGroupGroupFromConfigFileTest" name="accessRuleCheck"/>
  <testcase time="0" classname="com.soebes.subversion.sapm.AccessRulesGroupGroupFromConfigFileTest" name="accessRuleCheck"/>
  <testcase time="0" classname="com.soebes.subversion.sapm.AccessRulesGroupGroupFromConfigFileTest" name="accessRuleCheck"/>
  <testcase time="0" classname="com.soebes.subversion.sapm.AccessRulesGroupGroupFromConfigFileTest" name="accessRuleCheck"/>
  <testcase time="0" classname="com.soebes.subversion.sapm.AccessRulesGroupGroupFromConfigFileTest" name="accessRuleCheck"/>
  <testcase time="0" classname="com.soebes.subversion.sapm.AccessRulesGroupGroupFromConfigFileTest" name="accessRuleCheck"/>
  <testcase time="0" classname="com.soebes.subversion.sapm.AccessRulesGroupGroupFromConfigFileTest" name="accessRuleCheck"/>
  <testcase time="0" classname="com.soebes.subversion.sapm.AccessRulesGroupGroupFromConfigFileTest" name="accessRuleCheck"/>
  <testcase time="0.001" classname="com.soebes.subversion.sapm.AccessRulesGroupGroupFromConfigFileTest" name="accessRuleCheck"/>
  <testcase time="0" classname="com.soebes.subversion.sapm.AccessRulesGroupGroupFromConfigFileTest" name="accessRuleCheck"/>
  <testcase time="0" classname="com.soebes.subversion.sapm.AccessRulesGroupGroupFromConfigFileTest" name="accessRuleCheck"/>
  <testcase time="0" classname="com.soebes.subversion.sapm.AccessRulesGroupGroupFromConfigFileTest" name="accessRuleCheck"/>
  <testcase time="0" classname="com.soebes.subversion.sapm.AccessRulesGroupGroupFromConfigFileTest" name="accessRuleCheck"/>
  <testcase time="0" classname="com.soebes.subversion.sapm.AccessRulesGroupGroupFromConfigFileTest" name="accessRuleCheck"/>
  <testcase time="0" classname="com.soebes.subversion.sapm.AccessRulesGroupGroupFromConfigFileTest" name="accessRuleCheck"/>
  <testcase time="0" classname="com.soebes.subversion.sapm.AccessRulesGroupGroupFromConfigFileTest" name="accessRuleCheck"/>
  <testcase time="0.001" classname="com.soebes.subversion.sapm.AccessRulesGroupGroupFromConfigFileTest" name="accessRuleCheck"/>
  <testcase time="0" classname="com.soebes.subversion.sapm.AccessRulesGroupGroupFromConfigFileTest" name="accessRuleCheck"/>
  <testcase time="0" classname="com.soebes.subversion.sapm.AccessRulesGroupGroupFromConfigFileTest" name="accessRuleCheck"/>
  <testcase time="0.001" classname="com.soebes.subversion.sapm.AccessRulesGroupGroupFromConfigFileTest" name="accessRuleCheck"/>
  <testcase time="0" classname="com.soebes.subversion.sapm.AccessRulesGroupGroupFromConfigFileTest" name="accessRuleCheck"/>
  <testcase time="0" classname="com.soebes.subversion.sapm.AccessRulesGroupGroupFromConfigFileTest" name="accessRuleCheck"/>
  <testcase time="0" classname="com.soebes.subversion.sapm.AccessRulesGroupGroupFromConfigFileTest" name="accessRuleCheck"/>
  <testcase time="0" classname="com.soebes.subversion.sapm.AccessRulesGroupGroupFromConfigFileTest" name="accessRuleCheck"/>
  <testcase time="0" classname="com.soebes.subversion.sapm.AccessRulesGroupGroupFromConfigFileTest" name="accessRuleCheck"/>
  <testcase time="0" classname="com.soebes.subversion.sapm.AccessRulesGroupGroupFromConfigFileTest" name="accessRuleCheck"/>
  <testcase time="0" classname="com.soebes.subversion.sapm.AccessRulesGroupGroupFromConfigFileTest" name="accessRuleCheck"/>
  <testcase time="0" classname="com.soebes.subversion.sapm.AccessRulesGroupGroupFromConfigFileTest" name="accessRuleCheck"/>
  <testcase time="0" classname="com.soebes.subversion.sapm.AccessRulesGroupGroupFromConfigFileTest" name="accessRuleCheck"/>
  <testcase time="0" classname="com.soebes.subversion.sapm.AccessRulesGroupGroupFromConfigFileTest" name="accessRuleCheck"/>
  <testcase time="0" classname="com.soebes.subversion.sapm.AccessRulesGroupGroupFromConfigFileTest" name="accessRuleCheck"/>
  <testcase time="0" classname="com.soebes.subversion.sapm.AccessRulesGroupGroupFromConfigFileTest" name="accessRuleCheck"/>
  <testcase time="0" classname="com.soebes.subversion.sapm.AccessRulesGroupGroupFromConfigFileTest" name="accessRuleCheck"/>
  <testcase time="0" classname="com.soebes.subversion.sapm.AccessRulesGroupGroupFromConfigFileWithAliasesTest" name="accessRuleCheck"/>
  <testcase time="0" classname="com.soebes.subversion.sapm.AccessRulesGroupGroupFromConfigFileWithAliasesTest" name="accessRuleCheck"/>
  <testcase time="0.001" classname="com.soebes.subversion.sapm.AccessRulesGroupGroupFromConfigFileWithAliasesTest" name="accessRuleCheck"/>
  <testcase time="0" classname="com.soebes.subversion.sapm.AccessRulesGroupGroupFromConfigFileWithAliasesTest" name="accessRuleCheck"/>
  <testcase time="0" classname="com.soebes.subversion.sapm.AccessRulesGroupGroupFromConfigFileWithAliasesTest" name="accessRuleCheck"/>
  <testcase time="0" classname="com.soebes.subversion.sapm.AccessRulesGroupGroupFromConfigFileWithAliasesTest" name="accessRuleCheck"/>
  <testcase time="0" classname="com.soebes.subversion.sapm.AccessRulesGroupGroupFromConfigFileWithAliasesTest" name="accessRuleCheck"/>
  <testcase time="0" classname="com.soebes.subversion.sapm.AccessRulesGroupGroupFromConfigFileWithAliasesTest" name="accessRuleCheck"/>
  <testcase time="0" classname="com.soebes.subversion.sapm.AccessRulesGroupGroupFromConfigFileWithAliasesTest" name="accessRuleCheck"/>
  <testcase time="0" classname="com.soebes.subversion.sapm.AccessRulesGroupGroupFromConfigFileWithAliasesTest" name="accessRuleCheck"/>
  <testcase time="0" classname="com.soebes.subversion.sapm.AccessRulesGroupGroupFromConfigFileWithAliasesTest" name="accessRuleCheck"/>
  <testcase time="0" classname="com.soebes.subversion.sapm.AccessRulesGroupGroupFromConfigFileWithAliasesTest" name="accessRuleCheck"/>
  <testcase time="0.001" classname="com.soebes.subversion.sapm.AccessRulesGroupGroupFromConfigFileWithAliasesTest" name="accessRuleCheck"/>
  <testcase time="0" classname="com.soebes.subversion.sapm.AccessRulesGroupGroupFromConfigFileWithAliasesTest" name="accessRuleCheck"/>
  <testcase time="0" classname="com.soebes.subversion.sapm.AccessRulesGroupGroupFromConfigFileWithAliasesTest" name="accessRuleCheck"/>
  <testcase time="0" classname="com.soebes.subversion.sapm.AccessRulesGroupGroupFromConfigFileWithAliasesTest" name="accessRuleCheck"/>
  <testcase time="0.001" classname="com.soebes.subversion.sapm.AccessRulesGroupGroupFromConfigFileWithAliasesTest" name="accessRuleCheck"/>
  <testcase time="0" classname="com.soebes.subversion.sapm.AccessRulesGroupGroupFromConfigFileWithAliasesTest" name="accessRuleCheck"/>
  <testcase time="0" classname="com.soebes.subversion.sapm.AccessRulesGroupGroupFromConfigFileWithAliasesTest" name="accessRuleCheck"/>
  <testcase time="0" classname="com.soebes.subversion.sapm.AccessRulesGroupGroupFromConfigFileWithAliasesTest" name="accessRuleCheck"/>
  <testcase time="0" classname="com.soebes.subversion.sapm.AccessRulesGroupGroupFromConfigFileWithAliasesTest" name="accessRuleCheck"/>
  <testcase time="0" classname="com.soebes.subversion.sapm.AccessRulesGroupGroupFromConfigFileWithAliasesTest" name="accessRuleCheck"/>
  <testcase time="0.001" classname="com.soebes.subversion.sapm.AccessRulesGroupGroupFromConfigFileWithAliasesTest" name="accessRuleCheck"/>
  <testcase time="0" classname="com.soebes.subversion.sapm.AccessRulesGroupGroupFromConfigFileWithAliasesTest" name="accessRuleCheck"/>
  <testcase time="0" classname="com.soebes.subversion.sapm.AccessRulesGroupGroupFromConfigFileWithAliasesTest" name="accessRuleCheck"/>
  <testcase time="0" classname="com.soebes.subversion.sapm.AccessRulesGroupGroupFromConfigFileWithAliasesTest" name="accessRuleCheck"/>
  <testcase time="0.001" classname="com.soebes.subversion.sapm.AccessRulesGroupGroupFromConfigFileWithAliasesTest" name="accessRuleCheck"/>
  <testcase time="0" classname="com.soebes.subversion.sapm.AccessRulesGroupGroupFromConfigFileWithAliasesTest" name="accessRuleCheck"/>
  <testcase time="0" classname="com.soebes.subversion.sapm.AccessRulesGroupGroupFromConfigFileWithAliasesTest" name="accessRuleCheck"/>
  <testcase time="0" classname="com.soebes.subversion.sapm.AccessRulesGroupGroupFromConfigFileWithAliasesTest" name="accessRuleCheck"/>
  <testcase time="0" classname="com.soebes.subversion.sapm.AccessRulesGroupGroupFromConfigFileWithAliasesTest" name="accessRuleCheck"/>
  <testcase time="0" classname="com.soebes.subversion.sapm.AccessRulesGroupGroupFromConfigFileWithAliasesTest" name="accessRuleCheck"/>
  <testcase time="0.001" classname="com.soebes.subversion.sapm.AccessRulesGroupGroupFromConfigFileWithAliasesTest" name="accessRuleCheck"/>
  <testcase time="0" classname="com.soebes.subversion.sapm.AccessRulesGroupGroupFromConfigFileWithAliasesTest" name="accessRuleCheck"/>
  <testcase time="0" classname="com.soebes.subversion.sapm.AccessRulesGroupGroupFromConfigFileWithAliasesTest" name="accessRuleCheck"/>
  <testcase time="0" classname="com.soebes.subversion.sapm.AccessRulesGroupGroupFromConfigFileWithAliasesTest" name="accessRuleCheck"/>
  <testcase time="0.001" classname="com.soebes.subversion.sapm.AccessRulesGroupGroupFromConfigFileWithAliasesTest" name="accessRuleCheck"/>
  <testcase time="0" classname="com.soebes.subversion.sapm.AccessRulesGroupGroupFromConfigFileWithAliasesTest" name="accessRuleCheck"/>
  <testcase time="0" classname="com.soebes.subversion.sapm.AccessRulesGroupGroupFromConfigFileWithAliasesTest" name="accessRuleCheck"/>
  <testcase time="0" classname="com.soebes.subversion.sapm.AccessRulesGroupGroupFromConfigFileWithAliasesTest" name="accessRuleCheck"/>
  <testcase time="0" classname="com.soebes.subversion.sapm.AccessRulesGroupGroupFromConfigFileWithAliasesTest" name="accessRuleCheck"/>
  <testcase time="0" classname="com.soebes.subversion.sapm.AccessRulesGroupGroupFromConfigFileWithAliasesTest" name="accessRuleCheck"/>
  <testcase time="0" classname="com.soebes.subversion.sapm.AccessRulesGroupGroupFromConfigFileWithAliasesTest" name="accessRuleCheck"/>
  <testcase time="0" classname="com.soebes.subversion.sapm.AccessRulesGroupGroupFromConfigFileWithAliasesTest" name="accessRuleCheck"/>
  <testcase time="0.001" classname="com.soebes.subversion.sapm.AccessRulesGroupGroupFromConfigFileWithAliasesTest" name="accessRuleCheck"/>
  <testcase time="0" classname="com.soebes.subversion.sapm.AccessRulesGroupGroupFromConfigFileWithAliasesTest" name="accessRuleCheck"/>
  <testcase time="0" classname="com.soebes.subversion.sapm.AccessRulesGroupGroupFromConfigFileWithAliasesTest" name="accessRuleCheck"/>
  <testcase time="0" classname="com.soebes.subversion.sapm.AccessRulesGroupGroupFromConfigFileWithAliasesTest" name="accessRuleCheck"/>
  <testcase time="0" classname="com.soebes.subversion.sapm.AccessRulesGroupGroupFromConfigFileWithAliasesTest" name="accessRuleCheck"/>
  <testcase time="0" classname="com.soebes.subversion.sapm.AccessRulesGroupGroupFromConfigFileWithAliasesTest" name="accessRuleCheck"/>
  <testcase time="0" classname="com.soebes.subversion.sapm.AccessRulesGroupGroupFromConfigFileWithAliasesTest" name="accessRuleCheck"/>
  <testcase time="0" classname="com.soebes.subversion.sapm.AccessRulesGroupGroupFromConfigFileWithAliasesTest" name="accessRuleCheck"/>
  <testcase time="0" classname="com.soebes.subversion.sapm.AccessRulesGroupGroupFromConfigFileWithAliasesTest" name="accessRuleCheck"/>
  <testcase time="0" classname="com.soebes.subversion.sapm.AccessRulesGroupGroupFromConfigFileWithAliasesTest" name="accessRuleCheck"/>
  <testcase time="0" classname="com.soebes.subversion.sapm.AccessRulesGroupGroupTest" name="accessRuleCheck"/>
  <testcase time="0" classname="com.soebes.subversion.sapm.AccessRulesGroupGroupTest" name="accessRuleCheck"/>
  <testcase time="0" classname="com.soebes.subversion.sapm.AccessRulesGroupGroupTest" name="accessRuleCheck"/>
  <testcase time="0" classname="com.soebes.subversion.sapm.AccessRulesGroupGroupTest" name="accessRuleCheck"/>
  <testcase time="0" classname="com.soebes.subversion.sapm.AccessRulesGroupGroupTest" name="accessRuleCheck"/>
  <testcase time="0.001" classname="com.soebes.subversion.sapm.AccessRulesGroupGroupTest" name="accessRuleCheck"/>
  <testcase time="0" classname="com.soebes.subversion.sapm.AccessRulesGroupGroupTest" name="accessRuleCheck"/>
  <testcase time="0" classname="com.soebes.subversion.sapm.AccessRulesGroupGroupTest" name="accessRuleCheck"/>
  <testcase time="0.001" classname="com.soebes.subversion.sapm.AccessRulesGroupGroupTest" name="accessRuleCheck"/>
  <testcase time="0.001" classname="com.soebes.subversion.sapm.AccessRulesGroupGroupTest" name="accessRuleCheck"/>
  <testcase time="0.001" classname="com.soebes.subversion.sapm.AccessRulesGroupGroupTest" name="accessRuleCheck"/>
  <testcase time="0.001" classname="com.soebes.subversion.sapm.AccessRulesGroupGroupTest" name="accessRuleCheck"/>
  <testcase time="0.001" classname="com.soebes.subversion.sapm.AccessRulesGroupGroupTest" name="accessRuleCheck"/>
  <testcase time="0.001" classname="com.soebes.subversion.sapm.AccessRulesGroupGroupTest" name="accessRuleCheck"/>
  <testcase time="0.001" classname="com.soebes.subversion.sapm.AccessRulesGroupGroupTest" name="accessRuleCheck"/>
  <testcase time="0.001" classname="com.soebes.subversion.sapm.AccessRulesGroupGroupTest" name="accessRuleCheck"/>
  <testcase time="0.001" classname="com.soebes.subversion.sapm.AccessRulesGroupGroupTest" name="accessRuleCheck"/>
  <testcase time="0.001" classname="com.soebes.subversion.sapm.AccessRulesGroupGroupTest" name="accessRuleCheck"/>
  <testcase time="0.001" classname="com.soebes.subversion.sapm.AccessRulesGroupGroupTest" name="accessRuleCheck"/>
  <testcase time="0.001" classname="com.soebes.subversion.sapm.AccessRulesGroupGroupTest" name="accessRuleCheck"/>
  <testcase time="0.002" classname="com.soebes.subversion.sapm.AccessRulesGroupGroupTest" name="accessRuleCheck"/>
  <testcase time="0.001" classname="com.soebes.subversion.sapm.AccessRulesGroupGroupTest" name="accessRuleCheck"/>
  <testcase time="0.002" classname="com.soebes.subversion.sapm.AccessRulesGroupGroupTest" name="accessRuleCheck"/>
  <testcase time="0.001" classname="com.soebes.subversion.sapm.AccessRulesGroupGroupTest" name="accessRuleCheck"/>
  <testcase time="0.002" classname="com.soebes.subversion.sapm.AccessRulesGroupGroupTest" name="accessRuleCheck"/>
  <testcase time="0.002" classname="com.soebes.subversion.sapm.AccessRulesGroupGroupTest" name="accessRuleCheck"/>
  <testcase time="0.002" classname="com.soebes.subversion.sapm.AccessRulesGroupGroupTest" name="accessRuleCheck"/>
  <testcase time="0.001" classname="com.soebes.subversion.sapm.AccessRulesGroupGroupTest" name="accessRuleCheck"/>
  <testcase time="0.002" classname="com.soebes.subversion.sapm.AccessRulesGroupGroupTest" name="accessRuleCheck"/>
  <testcase time="0.002" classname="com.soebes.subversion.sapm.AccessRulesGroupGroupTest" name="accessRuleCheck"/>
  <testcase time="0.002" classname="com.soebes.subversion.sapm.AccessRulesGroupGroupTest" name="accessRuleCheck"/>
  <testcase time="0.002" classname="com.soebes.subversion.sapm.AccessRulesGroupGroupTest" name="accessRuleCheck"/>
  <testcase time="0.002" classname="com.soebes.subversion.sapm.AccessRulesGroupGroupTest" name="accessRuleCheck"/>
  <testcase time="0.002" classname="com.soebes.subversion.sapm.AccessRulesGroupGroupTest" name="accessRuleCheck"/>
  <testcase time="0.002" classname="com.soebes.subversion.sapm.AccessRulesGroupGroupTest" name="accessRuleCheck"/>
  <testcase time="0.002" classname="com.soebes.subversion.sapm.AccessRulesGroupGroupTest" name="accessRuleCheck"/>
  <testcase time="0.003" classname="com.soebes.subversion.sapm.AccessRulesGroupGroupTest" name="accessRuleCheck"/>
  <testcase time="0.002" classname="com.soebes.subversion.sapm.AccessRulesGroupGroupTest" name="accessRuleCheck"/>
  <testcase time="0.002" classname="com.soebes.subversion.sapm.AccessRulesGroupGroupTest" name="accessRuleCheck"/>
  <testcase time="0.003" classname="com.soebes.subversion.sapm.AccessRulesGroupGroupTest" name="accessRuleCheck"/>
  <testcase time="0.002" classname="com.soebes.subversion.sapm.AccessRulesGroupGroupTest" name="accessRuleCheck"/>
  <testcase time="0.002" classname="com.soebes.subversion.sapm.AccessRulesGroupGroupTest" name="accessRuleCheck"/>
  <testcase time="0.002" classname="com.soebes.subversion.sapm.AccessRulesGroupGroupTest" name="accessRuleCheck"/>
  <testcase time="0.003" classname="com.soebes.subversion.sapm.AccessRulesGroupGroupTest" name="accessRuleCheck"/>
  <testcase time="0.003" classname="com.soebes.subversion.sapm.AccessRulesGroupGroupTest" name="accessRuleCheck"/>
  <testcase time="0.003" classname="com.soebes.subversion.sapm.AccessRulesGroupGroupTest" name="accessRuleCheck"/>
  <testcase time="0.003" classname="com.soebes.subversion.sapm.AccessRulesGroupGroupTest" name="accessRuleCheck"/>
  <testcase time="0.003" classname="com.soebes.subversion.sapm.AccessRulesGroupGroupTest" name="accessRuleCheck"/>
  <testcase time="0.002" classname="com.soebes.subversion.sapm.AccessRulesGroupGroupTest" name="accessRuleCheck"/>
  <testcase time="0.002" classname="com.soebes.subversion.sapm.AccessRulesGroupGroupTest" name="accessRuleCheck"/>
  <testcase time="0.003" classname="com.soebes.subversion.sapm.AccessRulesGroupGroupTest" name="accessRuleCheck"/>
  <testcase time="0.002" classname="com.soebes.subversion.sapm.AccessRulesGroupGroupTest" name="accessRuleCheck"/>
  <testcase time="0.002" classname="com.soebes.subversion.sapm.AccessRulesGroupGroupTest" name="accessRuleCheck"/>
  <testcase time="0.002" classname="com.soebes.subversion.sapm.AccessRulesGroupGroupTest" name="accessRuleCheck"/>
  <testcase time="0" classname="com.soebes.subversion.sapm.AccessRulesUserTest" name="accessRuleCheck"/>
  <testcase time="0" classname="com.soebes.subversion.sapm.AccessRulesUserTest" name="accessRuleCheck"/>
  <testcase time="0" classname="com.soebes.subversion.sapm.AccessRulesUserTest" name="accessRuleCheck"/>
  <testcase time="0" classname="com.soebes.subversion.sapm.AccessRulesUserTest" name="accessRuleCheck"/>
  <testcase time="0" classname="com.soebes.subversion.sapm.AccessRulesUserTest" name="accessRuleCheck"/>
  <testcase time="0.001" classname="com.soebes.subversion.sapm.AccessRulesUserTest" name="accessRuleCheck"/>
  <testcase time="0" classname="com.soebes.subversion.sapm.AccessRulesUserTest" name="accessRuleCheck"/>
  <testcase time="0" classname="com.soebes.subversion.sapm.AccessRulesUserTest" name="accessRuleCheck"/>
  <testcase time="0.001" classname="com.soebes.subversion.sapm.AccessRulesUserTest" name="accessRuleCheck"/>
  <testcase time="0" classname="com.soebes.subversion.sapm.AccessRulesUserTest" name="accessRuleCheck"/>
  <testcase time="0" classname="com.soebes.subversion.sapm.AccessRulesUserTest" name="accessRuleCheck"/>
  <testcase time="0" classname="com.soebes.subversion.sapm.AccessRulesUserTest" name="accessRuleCheck"/>
  <testcase time="0" classname="com.soebes.subversion.sapm.AccessRulesUserTest" name="accessRuleCheck"/>
  <testcase time="0" classname="com.soebes.subversion.sapm.AccessRulesUserTest" name="accessRuleCheck"/>
  <testcase time="0" classname="com.soebes.subversion.sapm.AliasesTest" name="aliasesTest"/>
  <testcase time="0.003" classname="com.soebes.subversion.sapm.AppTest" name="configurationWithAliasesTest"/>
  <testcase time="0" classname="com.soebes.subversion.sapm.AppTest" name="firstConfigurationTest"/>
  <testcase time="0.002" classname="com.soebes.subversion.sapm.AppTest" name="groupsInGroupsConfigurationTest"/>
  <testcase time="0.003" classname="com.soebes.subversion.sapm.AppTest" name="negativeRulesTest"/>
  <testcase time="0.002" classname="com.soebes.subversion.sapm.AppTest" name="testReadAST"/>
  <testcase time="0.001" classname="com.soebes.subversion.sapm.AppTest" name="testReadOne"/>
  <testcase time="0.001" classname="com.soebes.subversion.sapm.AppTest" name="testReadThree"/>
  <testcase time="0.001" classname="com.soebes.subversion.sapm.AppTest" name="testReadTwo"/>
  <testcase time="0" classname="com.soebes.subversion.sapm.AuthorizationFileSaveTest" name="createRulesForSave"/>
  <testcase time="0" classname="com.soebes.subversion.sapm.AuthorizationFileTest" name="accessRuleCheck"/>
  <testcase time="0" classname="com.soebes.subversion.sapm.AuthorizationFileTest" name="accessRuleCheck"/>
  <testcase time="0" classname="com.soebes.subversion.sapm.AuthorizationFileTest" name="accessRuleCheck"/>
  <testcase time="0" classname="com.soebes.subversion.sapm.AuthorizationFileTest" name="accessRuleCheck"/>
  <testcase time="0" classname="com.soebes.subversion.sapm.AuthorizationFileTest" name="accessRuleCheck"/>
  <testcase time="0" classname="com.soebes.subversion.sapm.AuthorizationFileTest" name="accessRuleCheck"/>
  <testcase time="0" classname="com.soebes.subversion.sapm.AuthorizationFileTest" name="accessRuleCheck"/>
  <testcase time="0.001" classname="com.soebes.subversion.sapm.AuthorizationFileTest" name="accessRuleCheck"/>
  <testcase time="0" classname="com.soebes.subversion.sapm.AuthorizationFileTest" name="accessRuleCheck"/>
  <testcase time="0.001" classname="com.soebes.subversion.sapm.AuthorizationFileTest" name="accessRuleCheck"/>
  <testcase time="0" classname="com.soebes.subversion.sapm.AuthorizationFileTest" name="accessRuleCheck"/>
  <testcase time="0.001" classname="com.soebes.subversion.sapm.AuthorizationFileTest" name="accessRuleCheck"/>
  <testcase time="0" classname="com.soebes.subversion.sapm.AuthorizationFileTest" name="accessRuleCheck"/>
  <testcase time="0.001" classname="com.soebes.subversion.sapm.AuthorizationFileTest" name="accessRuleCheck"/>
  <testcase time="0" classname="com.soebes.subversion.sapm.AuthorizationFileTest" name="accessRuleCheck"/>
  <testcase time="0" classname="com.soebes.subversion.sapm.AuthorizationFileTest" name="accessRuleCheck"/>
  <testcase time="0" classname="com.soebes.subversion.sapm.AuthorizationFileTest" name="accessRuleCheck"/>
  <testcase time="0.001" classname="com.soebes.subversion.sapm.AuthorizationFileTest" name="accessRuleCheck"/>
  <testcase time="0" classname="com.soebes.subversion.sapm.AuthorizationFileTest" name="accessRuleCheck"/>
  <testcase time="0.001" classname="com.soebes.subversion.sapm.AuthorizationFileTest" name="accessRuleCheck"/>
  <testcase time="0" classname="com.soebes.subversion.sapm.AuthorizationFileTest" name="accessRuleCheck"/>
  <testcase time="0.001" classname="com.soebes.subversion.sapm.AuthorizationFileTest" name="accessRuleCheck"/>
  <testcase time="0" classname="com.soebes.subversion.sapm.AuthorizationFileTest" name="accessRuleCheck"/>
  <testcase time="0.001" classname="com.soebes.subversion.sapm.AuthorizationFileTest" name="accessRuleCheck"/>
  <testcase time="0" classname="com.soebes.subversion.sapm.AuthorizationFileTest" name="accessRuleCheck"/>
  <testcase time="0.001" classname="com.soebes.subversion.sapm.AuthorizationFileTest" name="accessRuleCheck"/>
  <testcase time="0" classname="com.soebes.subversion.sapm.AuthorizationFileTest" name="accessRuleCheck"/>
  <testcase time="0.001" classname="com.soebes.subversion.sapm.AuthorizationFileTest" name="accessRuleCheck"/>
  <testcase time="0" classname="com.soebes.subversion.sapm.AuthorizationFileTest" name="accessRuleCheck"/>
  <testcase time="0" classname="com.soebes.subversion.sapm.AuthorizationFileTest" name="accessRuleCheck"/>
  <testcase time="0" classname="com.soebes.subversion.sapm.AuthorizationFileTest" name="accessRuleCheck"/>
  <testcase time="0" classname="com.soebes.subversion.sapm.AuthorizationFileTest" name="accessRuleCheck"/>
  <testcase time="0" classname="com.soebes.subversion.sapm.AuthorizationFileTest" name="accessRuleCheck"/>
  <testcase time="0" classname="com.soebes.subversion.sapm.AuthorizationFileTest" name="accessRuleCheck"/>
  <testcase time="0" classname="com.soebes.subversion.sapm.AuthorizationFileTest" name="accessRuleCheck"/>
  <testcase time="0" classname="com.soebes.subversion.sapm.AuthorizationFileTest" name="accessRuleCheck"/>
  <testcase time="0.001" classname="com.soebes.subversion.sapm.AuthorizationFileTest" name="accessRuleCheck"/>
  <testcase time="0" classname="com.soebes.subversion.sapm.AuthorizationFileTest" name="accessRuleCheck"/>
  <testcase time="0" classname="com.soebes.subversion.sapm.AuthorizationFileTest" name="accessRuleCheck"/>
  <testcase time="0" classname="com.soebes.subversion.sapm.AuthorizationFileTest" name="accessRuleCheck"/>
  <testcase time="0" classname="com.soebes.subversion.sapm.AuthorizationFileTest" name="accessRuleCheck"/>
  <testcase time="0" classname="com.soebes.subversion.sapm.AuthorizationFileTest" name="accessRuleCheck"/>
  <testcase time="0.001" classname="com.soebes.subversion.sapm.AuthorizationFileTest" name="accessRuleCheck"/>
  <testcase time="0" classname="com.soebes.subversion.sapm.AuthorizationFileTest" name="accessRuleCheck"/>
  <testcase time="0" classname="com.soebes.subversion.sapm.AuthorizationFileTest" name="accessRuleCheck"/>
  <testcase time="0" classname="com.soebes.subversion.sapm.AuthorizationFileTest" name="accessRuleCheck"/>
  <testcase time="0" classname="com.soebes.subversion.sapm.AuthorizationFileTest" name="accessRuleCheck"/>
  <testcase time="0" classname="com.soebes.subversion.sapm.AuthorizationFileTest" name="accessRuleCheck"/>
  <testcase time="0.001" classname="com.soebes.subversion.sapm.AuthorizationFileTest" name="accessRuleCheck"/>
  <testcase time="0" classname="com.soebes.subversion.sapm.AuthorizationFileTest" name="accessRuleCheck"/>
  <testcase time="0" classname="com.soebes.subversion.sapm.AuthorizationFileTest" name="accessRuleCheck"/>
  <testcase time="0" classname="com.soebes.subversion.sapm.AuthorizationFileTest" name="accessRuleCheck"/>
  <testcase time="0" classname="com.soebes.subversion.sapm.AuthorizationFileTest" name="accessRuleCheck"/>
  <testcase time="0" classname="com.soebes.subversion.sapm.AuthorizationFileTest" name="accessRuleCheck"/>
  <testcase time="0.003" classname="com.soebes.subversion.sapm.FileNameTest" name="check"/>
  <testcase time="0" classname="com.soebes.subversion.sapm.FileNameTest" name="check"/>
  <testcase time="0" classname="com.soebes.subversion.sapm.FileNameTest" name="check"/>
  <testcase time="0" classname="com.soebes.subversion.sapm.FileNameTest" name="check"/>
  <testcase time="0.001" classname="com.soebes.subversion.sapm.FileNameTest" name="check"/>
  <testcase time="0" classname="com.soebes.subversion.sapm.FileNameTest" name="check"/>
  <testcase time="0" classname="com.soebes.subversion.sapm.FileNameTest" name="check"/>
  <testcase time="0" classname="com.soebes.subversion.sapm.FileNameTest" name="testF100"/>
  <testcase time="0" classname="com.soebes.subversion.sapm.FileNameTest" name="testF61"/>
  <testcase time="0" classname="com.soebes.subversion.sapm.FileNameTest" name="testF80"/>
  <testcase time="0" classname="com.soebes.subversion.sapm.FileNameTest" name="testF90"/>
  <testcase time="0" classname="com.soebes.subversion.sapm.GroupTest" name="groupAddTest"/>
  <testcase time="0" classname="com.soebes.subversion.sapm.GroupTest" name="groupContainsGroupTest"/>
  <testcase time="0" classname="com.soebes.subversion.sapm.GroupTest" name="groupContainsTest"/>
  <testcase time="0" classname="com.soebes.subversion.sapm.GroupsTest" name="groupAddTest"/>
  <testcase time="0" classname="com.soebes.subversion.sapm.GroupsTest" name="groupGetTest"/>
  <testcase time="0" classname="com.soebes.subversion.sapm.NegativAccessRuleGroupTest" name="accessRuleCheck"/>
  <testcase time="0" classname="com.soebes.subversion.sapm.NegativAccessRuleGroupTest" name="accessRuleCheck"/>
  <testcase time="0" classname="com.soebes.subversion.sapm.NegativAccessRuleGroupTest" name="accessRuleCheck"/>
  <testcase time="0" classname="com.soebes.subversion.sapm.NegativAccessRuleGroupTest" name="accessRuleCheck"/>
  <testcase time="0" classname="com.soebes.subversion.sapm.NegativAccessRuleGroupTest" name="accessRuleCheck"/>
  <testcase time="0.001" classname="com.soebes.subversion.sapm.NegativAccessRuleGroupTest" name="accessRuleCheck"/>
  <testcase time="0" classname="com.soebes.subversion.sapm.NegativAccessRuleGroupTest" name="accessRuleCheck"/>
  <testcase time="0" classname="com.soebes.subversion.sapm.NegativAccessRuleGroupTest" name="accessRuleCheck"/>
  <testcase time="0" classname="com.soebes.subversion.sapm.NegativAccessRuleGroupTest" name="accessRuleCheck"/>
  <testcase time="0" classname="com.soebes.subversion.sapm.NegativAccessRuleGroupTest" name="accessRuleCheck"/>
  <testcase time="0" classname="com.soebes.subversion.sapm.NegativAccessRuleGroupTest" name="accessRuleCheck"/>
  <testcase time="0" classname="com.soebes.subversion.sapm.NegativAccessRuleGroupTest" name="accessRuleCheck"/>
  <testcase time="0" classname="com.soebes.subversion.sapm.NegativAccessRuleGroupTest" name="accessTest"/>
  <testcase time="0" classname="com.soebes.subversion.sapm.NegativAccessRulesGroupTest" name="accessRuleCheck"/>
  <testcase time="0" classname="com.soebes.subversion.sapm.NegativAccessRulesGroupTest" name="accessRuleCheck"/>
  <testcase time="0" classname="com.soebes.subversion.sapm.NegativAccessRulesGroupTest" name="accessRuleCheck"/>
  <testcase time="0" classname="com.soebes.subversion.sapm.NegativAccessRulesGroupTest" name="accessRuleCheck"/>
  <testcase time="0" classname="com.soebes.subversion.sapm.NegativAccessRulesGroupTest" name="accessRuleCheck"/>
  <testcase time="0" classname="com.soebes.subversion.sapm.NegativAccessRulesGroupTest" name="accessRuleCheck"/>
  <testcase time="0" classname="com.soebes.subversion.sapm.NegativAccessRulesGroupTest" name="accessRuleCheck"/>
  <testcase time="0" classname="com.soebes.subversion.sapm.NegativAccessRulesGroupTest" name="accessRuleCheck"/>
  <testcase time="0" classname="com.soebes.subversion.sapm.NegativAccessRulesGroupTest" name="accessRuleCheck"/>
  <testcase time="0" classname="com.soebes.subversion.sapm.NegativAccessRulesGroupTest" name="accessRuleCheck"/>
  <testcase time="0" classname="com.soebes.subversion.sapm.NegativAccessRulesGroupTest" name="accessRuleCheck"/>
  <testcase time="0" classname="com.soebes.subversion.sapm.NegativAccessRulesGroupTest" name="accessRuleCheck"/>
  <testcase time="0" classname="com.soebes.subversion.sapm.NegativAccessRulesGroupTest" name="accessRuleCheck"/>
  <testcase time="0" classname="com.soebes.subversion.sapm.NegativAccessRulesGroupTest" name="accessRuleCheck"/>
  <testcase time="0" classname="com.soebes.subversion.sapm.NegativAccessRulesGroupTest" name="accessRuleCheck"/>
  <testcase time="0" classname="com.soebes.subversion.sapm.NegativAccessRulesGroupTest" name="accessRuleCheck"/>
  <testcase time="0" classname="com.soebes.subversion.sapm.NegativAccessRulesGroupTest" name="accessRuleCheck"/>
  <testcase time="0" classname="com.soebes.subversion.sapm.NegativAccessRulesGroupTest" name="accessRuleCheck"/>
  <testcase time="0" classname="com.soebes.subversion.sapm.NegativAccessRulesGroupTest" name="accessRuleCheck"/>
  <testcase time="0" classname="com.soebes.subversion.sapm.NegativAccessRulesGroupTest" name="accessRuleCheck"/>
  <testcase time="0" classname="com.soebes.subversion.sapm.NegativAccessRulesGroupTest" name="accessRuleCheck"/>
  <testcase time="0" classname="com.soebes.subversion.sapm.NegativAccessRulesGroupTest" name="accessRuleCheck"/>
  <testcase time="0" classname="com.soebes.subversion.sapm.NegativAccessRulesGroupTest" name="accessRuleCheck"/>
  <testcase time="0" classname="com.soebes.subversion.sapm.NegativAccessRulesGroupTest" name="accessRuleCheck"/>
  <testcase time="0" classname="com.soebes.subversion.sapm.NegativAccessRulesGroupTest" name="accessRuleCheck"/>
  <testcase time="0" classname="com.soebes.subversion.sapm.NegativAccessRulesGroupTest" name="accessRuleCheck"/>
  <testcase time="0" classname="com.soebes.subversion.sapm.NegativAccessRulesGroupTest" name="accessRuleCheck"/>
  <testcase time="0" classname="com.soebes.subversion.sapm.NegativAccessRulesGroupTest" name="accessRuleCheck"/>
  <testcase time="0" classname="com.soebes.subversion.sapm.NegativAccessRulesGroupTest" name="accessRuleCheck"/>
  <testcase time="0" classname="com.soebes.subversion.sapm.NegativAccessRulesGroupTest" name="accessRuleCheck"/>
  <testcase time="0" classname="com.soebes.subversion.sapm.NegativeAccessRuleUserTest" name="accessRuleCheck"/>
  <testcase time="0" classname="com.soebes.subversion.sapm.NegativeAccessRuleUserTest" name="accessRuleCheck"/>
  <testcase time="0" classname="com.soebes.subversion.sapm.NegativeAccessRuleUserTest" name="accessRuleCheck"/>
  <testcase time="0" classname="com.soebes.subversion.sapm.NegativeAccessRuleUserTest" name="accessRuleCheck"/>
  <testcase time="0" classname="com.soebes.subversion.sapm.NegativeAccessRuleUserTest" name="accessRuleCheck"/>
  <testcase time="0" classname="com.soebes.subversion.sapm.NegativeAccessRuleUserTest" name="accessRuleCheck"/>
  <testcase time="0" classname="com.soebes.subversion.sapm.NegativeAccessRuleUserTest" name="accessRuleCheck"/>
  <testcase time="0" classname="com.soebes.subversion.sapm.NegativeAccessRuleUserTest" name="accessRuleCheck"/>
  <testcase time="0" classname="com.soebes.subversion.sapm.NegativeAccessRuleUserTest" name="accessRuleCheck"/>
  <testcase time="0" classname="com.soebes.subversion.sapm.NegativeAccessRuleUserTest" name="accessRuleCheck"/>
  <testcase time="0" classname="com.soebes.subversion.sapm.NegativeAccessRuleUserTest" name="accessRuleCheck"/>
  <testcase time="0" classname="com.soebes.subversion.sapm.NegativeAccessRuleUserTest" name="accessTest"/>
  <testcase time="0" classname="com.soebes.subversion.sapm.PathTest" name="folderTestWithX"/>
  <testcase time="0" classname="com.soebes.subversion.sapm.PathTest" name="folderTestWithX"/>
  <testcase time="0" classname="com.soebes.subversion.sapm.PathTest" name="folderTestWithX"/>
  <testcase time="0" classname="com.soebes.subversion.sapm.PathTest" name="folderTestWithX"/>
  <testcase time="0" classname="com.soebes.subversion.sapm.UsersTest" name="groupAddTest"/>
</testsuite>